<?xml version="1.0" encoding="UTF-8"?>
<!-- Generated by org.testng.reporters.JUnitReportReporter -->
<testsuite hostname="Shokhrukh" failures="0" tests="3" name="demotests.TestB" time="0.002" errors="0" timestamp="2023-07-15T17:20:40 EDT" skipped="0">
  <testcase classname="demotests.TestB" name="testB2" time="0.001"/>
  <system-out/>
  <testcase classname="demotests.TestB" name="testB3" time="0.000"/>
  <system-out/>
  <testcase classname="demotests.TestB" name="testB1" time="0.001"/>
  <system-out/>
</testsuite> <!-- demotests.TestB -->
