<?xml version="1.0" encoding="UTF-8"?>
<!-- Generated by org.testng.reporters.JUnitReportReporter -->
<testsuite hostname="Shokhrukh" failures="0" tests="3" name="demotests.TestA" time="0.009" errors="0" timestamp="2023-07-15T17:46:58 EDT" skipped="0">
  <testcase classname="demotests.TestA" name="testA3" time="0.001"/>
  <system-out/>
  <testcase classname="demotests.TestA" name="testA1" time="0.007"/>
  <system-out/>
  <testcase classname="demotests.TestA" name="testA2" time="0.001"/>
  <system-out/>
</testsuite> <!-- demotests.TestA -->
