<?xml version="1.0" encoding="UTF-8"?>
<!-- Generated by org.testng.reporters.JUnitReportReporter -->
<testsuite hostname="Shokhrukh" failures="0" tests="3" name="demotests.TestA" time="0.004" errors="0" timestamp="2023-07-15T17:45:32 EDT" skipped="0">
  <testcase classname="demotests.TestA" name="testA1" time="0.003"/>
  <testcase classname="demotests.TestA" name="testA2" time="0.000"/>
  <testcase classname="demotests.TestA" name="testA3" time="0.001"/>
</testsuite> <!-- demotests.TestA -->
